2013/08/31 19:47:26 [error] [exception.CException] exception 'CException' with message 'CAssetManager.basePath "C:\nobackup\wamp\www\webApp\assets" is invalid. Please make sure the directory exists and is writable by the Web server process.' in C:\nobackup\wamp\www\webApp\framework\web\CAssetManager.php:138
Stack trace:
#0 C:\nobackup\wamp\www\webApp\framework\web\CAssetManager.php(123): CAssetManager->setBasePath('C:\nobackup\wam...')
#1 C:\nobackup\wamp\www\webApp\framework\web\CAssetManager.php(217): CAssetManager->getBasePath()
#2 C:\nobackup\wamp\www\webApp\framework\web\CClientScript.php(462): CAssetManager->publish('C:\nobackup\wam...')
#3 C:\nobackup\wamp\www\webApp\framework\web\CClientScript.php(499): CClientScript->getCoreScriptUrl()
#4 C:\nobackup\wamp\www\webApp\framework\web\CClientScript.php(315): CClientScript->getPackageBaseUrl('jquery')
#5 C:\nobackup\wamp\www\webApp\framework\web\CClientScript.php(208): CClientScript->renderCoreScripts()
#6 C:\nobackup\wamp\www\webApp\framework\web\CController.php(351): CClientScript->render('<!DOCTYPE html ...')
#7 C:\nobackup\wamp\www\webApp\framework\web\CController.php(788): CController->processOutput('<!DOCTYPE html ...')
#8 C:\nobackup\wamp\www\webApp\protected\controllers\SiteController.php(98): CController->render('login', Array)
#9 C:\nobackup\wamp\www\webApp\framework\web\actions\CInlineAction.php(49): SiteController->actionLogin()
#10 C:\nobackup\wamp\www\webApp\framework\web\CController.php(308): CInlineAction->runWithParams(Array)
#11 C:\nobackup\wamp\www\webApp\framework\web\CController.php(286): CController->runAction(Object(CInlineAction))
#12 C:\nobackup\wamp\www\webApp\framework\web\CController.php(265): CController->runActionWithFilters(Object(CInlineAction), Array)
#13 C:\nobackup\wamp\www\webApp\framework\web\CWebApplication.php(282): CController->run('login')
#14 C:\nobackup\wamp\www\webApp\framework\web\CWebApplication.php(141): CWebApplication->runController('site/login')
#15 C:\nobackup\wamp\www\webApp\framework\base\CApplication.php(169): CWebApplication->processRequest()
#16 C:\nobackup\wamp\www\webApp\index.php(13): CApplication->run()
#17 {main}
REQUEST_URI=/webApp/index.php?r=site/login
HTTP_REFERER=http://localhost/webApp/index.php
---
2013/08/31 19:47:35 [error] [exception.CException] exception 'CException' with message 'CAssetManager.basePath "C:\nobackup\wamp\www\webApp\assets" is invalid. Please make sure the directory exists and is writable by the Web server process.' in C:\nobackup\wamp\www\webApp\framework\web\CAssetManager.php:138
Stack trace:
#0 C:\nobackup\wamp\www\webApp\framework\web\CAssetManager.php(123): CAssetManager->setBasePath('C:\nobackup\wam...')
#1 C:\nobackup\wamp\www\webApp\framework\web\CAssetManager.php(217): CAssetManager->getBasePath()
#2 C:\nobackup\wamp\www\webApp\framework\web\CClientScript.php(462): CAssetManager->publish('C:\nobackup\wam...')
#3 C:\nobackup\wamp\www\webApp\framework\web\CClientScript.php(499): CClientScript->getCoreScriptUrl()
#4 C:\nobackup\wamp\www\webApp\framework\web\CClientScript.php(315): CClientScript->getPackageBaseUrl('jquery')
#5 C:\nobackup\wamp\www\webApp\framework\web\CClientScript.php(208): CClientScript->renderCoreScripts()
#6 C:\nobackup\wamp\www\webApp\framework\web\CController.php(351): CClientScript->render('<!DOCTYPE html ...')
#7 C:\nobackup\wamp\www\webApp\framework\web\CController.php(788): CController->processOutput('<!DOCTYPE html ...')
#8 C:\nobackup\wamp\www\webApp\protected\controllers\SiteController.php(72): CController->render('contact', Array)
#9 C:\nobackup\wamp\www\webApp\framework\web\actions\CInlineAction.php(49): SiteController->actionContact()
#10 C:\nobackup\wamp\www\webApp\framework\web\CController.php(308): CInlineAction->runWithParams(Array)
#11 C:\nobackup\wamp\www\webApp\framework\web\CController.php(286): CController->runAction(Object(CInlineAction))
#12 C:\nobackup\wamp\www\webApp\framework\web\CController.php(265): CController->runActionWithFilters(Object(CInlineAction), Array)
#13 C:\nobackup\wamp\www\webApp\framework\web\CWebApplication.php(282): CController->run('contact')
#14 C:\nobackup\wamp\www\webApp\framework\web\CWebApplication.php(141): CWebApplication->runController('site/contact')
#15 C:\nobackup\wamp\www\webApp\framework\base\CApplication.php(169): CWebApplication->processRequest()
#16 C:\nobackup\wamp\www\webApp\index.php(13): CApplication->run()
#17 {main}
REQUEST_URI=/webApp/index.php?r=site/contact
HTTP_REFERER=http://localhost/webApp/index.php?r=site/page&view=about
---
2013/08/31 19:47:40 [error] [exception.CException] exception 'CException' with message 'CAssetManager.basePath "C:\nobackup\wamp\www\webApp\assets" is invalid. Please make sure the directory exists and is writable by the Web server process.' in C:\nobackup\wamp\www\webApp\framework\web\CAssetManager.php:138
Stack trace:
#0 C:\nobackup\wamp\www\webApp\framework\web\CAssetManager.php(123): CAssetManager->setBasePath('C:\nobackup\wam...')
#1 C:\nobackup\wamp\www\webApp\framework\web\CAssetManager.php(217): CAssetManager->getBasePath()
#2 C:\nobackup\wamp\www\webApp\framework\web\CClientScript.php(462): CAssetManager->publish('C:\nobackup\wam...')
#3 C:\nobackup\wamp\www\webApp\framework\web\CClientScript.php(499): CClientScript->getCoreScriptUrl()
#4 C:\nobackup\wamp\www\webApp\framework\web\CClientScript.php(315): CClientScript->getPackageBaseUrl('jquery')
#5 C:\nobackup\wamp\www\webApp\framework\web\CClientScript.php(208): CClientScript->renderCoreScripts()
#6 C:\nobackup\wamp\www\webApp\framework\web\CController.php(351): CClientScript->render('<!DOCTYPE html ...')
#7 C:\nobackup\wamp\www\webApp\framework\web\CController.php(788): CController->processOutput('<!DOCTYPE html ...')
#8 C:\nobackup\wamp\www\webApp\protected\controllers\SiteController.php(72): CController->render('contact', Array)
#9 C:\nobackup\wamp\www\webApp\framework\web\actions\CInlineAction.php(49): SiteController->actionContact()
#10 C:\nobackup\wamp\www\webApp\framework\web\CController.php(308): CInlineAction->runWithParams(Array)
#11 C:\nobackup\wamp\www\webApp\framework\web\CController.php(286): CController->runAction(Object(CInlineAction))
#12 C:\nobackup\wamp\www\webApp\framework\web\CController.php(265): CController->runActionWithFilters(Object(CInlineAction), Array)
#13 C:\nobackup\wamp\www\webApp\framework\web\CWebApplication.php(282): CController->run('contact')
#14 C:\nobackup\wamp\www\webApp\framework\web\CWebApplication.php(141): CWebApplication->runController('site/contact')
#15 C:\nobackup\wamp\www\webApp\framework\base\CApplication.php(169): CWebApplication->processRequest()
#16 C:\nobackup\wamp\www\webApp\index.php(13): CApplication->run()
#17 {main}
REQUEST_URI=/webApp/index.php?r=site/contact
HTTP_REFERER=http://localhost/webApp/index.php?r=site/page&view=about
---
