2013/09/14 09:22:34 [error] [exception.CHttpException.404] exception 'CHttpException' with message 'Unable to resolve the request "images/avatars/avatar1.jpg".' in /Volumes/HDD/dev/sedash/framework/web/CWebApplication.php:286
Stack trace:
#0 /Volumes/HDD/dev/sedash/framework/web/CWebApplication.php(141): CWebApplication->runController('images/avatars/...')
#1 /Volumes/HDD/dev/sedash/framework/base/CApplication.php(169): CWebApplication->processRequest()
#2 /Volumes/HDD/dev/sedash/web/index.php(13): CApplication->run()
#3 {main}
REQUEST_URI=/images/avatars/avatar1.jpg
HTTP_REFERER=http://localhost:8888/
---
2013/09/14 09:22:34 [error] [exception.CHttpException.404] exception 'CHttpException' with message 'Unable to resolve the request "images/avatars/avatar3.jpg".' in /Volumes/HDD/dev/sedash/framework/web/CWebApplication.php:286
Stack trace:
#0 /Volumes/HDD/dev/sedash/framework/web/CWebApplication.php(141): CWebApplication->runController('images/avatars/...')
#1 /Volumes/HDD/dev/sedash/framework/base/CApplication.php(169): CWebApplication->processRequest()
#2 /Volumes/HDD/dev/sedash/web/index.php(13): CApplication->run()
#3 {main}
REQUEST_URI=/images/avatars/avatar3.jpg
HTTP_REFERER=http://localhost:8888/
---
2013/09/14 09:22:34 [error] [exception.CHttpException.404] exception 'CHttpException' with message 'Unable to resolve the request "images/avatars/avatar2.jpg".' in /Volumes/HDD/dev/sedash/framework/web/CWebApplication.php:286
Stack trace:
#0 /Volumes/HDD/dev/sedash/framework/web/CWebApplication.php(141): CWebApplication->runController('images/avatars/...')
#1 /Volumes/HDD/dev/sedash/framework/base/CApplication.php(169): CWebApplication->processRequest()
#2 /Volumes/HDD/dev/sedash/web/index.php(13): CApplication->run()
#3 {main}
REQUEST_URI=/images/avatars/avatar2.jpg
HTTP_REFERER=http://localhost:8888/
---
2013/09/14 09:22:39 [error] [exception.CHttpException.404] exception 'CHttpException' with message 'Unable to resolve the request "gii".' in /Volumes/HDD/dev/sedash/framework/web/CWebApplication.php:286
Stack trace:
#0 /Volumes/HDD/dev/sedash/framework/web/CWebApplication.php(141): CWebApplication->runController('gii')
#1 /Volumes/HDD/dev/sedash/framework/base/CApplication.php(169): CWebApplication->processRequest()
#2 /Volumes/HDD/dev/sedash/web/index.php(13): CApplication->run()
#3 {main}
REQUEST_URI=/gii
---
2013/09/14 09:22:39 [error] [exception.CHttpException.404] exception 'CHttpException' with message 'Unable to resolve the request "images/avatars/avatar1.jpg".' in /Volumes/HDD/dev/sedash/framework/web/CWebApplication.php:286
Stack trace:
#0 /Volumes/HDD/dev/sedash/framework/web/CWebApplication.php(141): CWebApplication->runController('images/avatars/...')
#1 /Volumes/HDD/dev/sedash/framework/base/CApplication.php(169): CWebApplication->processRequest()
#2 /Volumes/HDD/dev/sedash/web/index.php(13): CApplication->run()
#3 {main}
REQUEST_URI=/images/avatars/avatar1.jpg
HTTP_REFERER=http://localhost:8888/gii
---
2013/09/14 09:22:39 [error] [exception.CHttpException.404] exception 'CHttpException' with message 'Unable to resolve the request "images/bg.png".' in /Volumes/HDD/dev/sedash/framework/web/CWebApplication.php:286
Stack trace:
#0 /Volumes/HDD/dev/sedash/framework/web/CWebApplication.php(141): CWebApplication->runController('images/bg.png')
#1 /Volumes/HDD/dev/sedash/framework/base/CApplication.php(169): CWebApplication->processRequest()
#2 /Volumes/HDD/dev/sedash/web/index.php(13): CApplication->run()
#3 {main}
REQUEST_URI=/images/bg.png
HTTP_REFERER=http://localhost:8888/gii
---
2013/09/14 09:22:39 [error] [exception.CHttpException.404] exception 'CHttpException' with message 'Unable to resolve the request "gii".' in /Volumes/HDD/dev/sedash/framework/web/CWebApplication.php:286
Stack trace:
#0 /Volumes/HDD/dev/sedash/framework/web/CWebApplication.php(141): CWebApplication->runController('gii')
#1 /Volumes/HDD/dev/sedash/framework/base/CApplication.php(169): CWebApplication->processRequest()
#2 /Volumes/HDD/dev/sedash/web/index.php(13): CApplication->run()
#3 {main}
REQUEST_URI=/gii
---
2013/09/14 09:22:39 [error] [exception.CHttpException.404] exception 'CHttpException' with message 'Unable to resolve the request "images/bg.png".' in /Volumes/HDD/dev/sedash/framework/web/CWebApplication.php:286
Stack trace:
#0 /Volumes/HDD/dev/sedash/framework/web/CWebApplication.php(141): CWebApplication->runController('images/bg.png')
#1 /Volumes/HDD/dev/sedash/framework/base/CApplication.php(169): CWebApplication->processRequest()
#2 /Volumes/HDD/dev/sedash/web/index.php(13): CApplication->run()
#3 {main}
REQUEST_URI=/images/bg.png
HTTP_REFERER=http://localhost:8888/gii
---
2013/09/14 09:22:39 [error] [exception.CHttpException.404] exception 'CHttpException' with message 'Unable to resolve the request "images/avatars/avatar1.jpg".' in /Volumes/HDD/dev/sedash/framework/web/CWebApplication.php:286
Stack trace:
#0 /Volumes/HDD/dev/sedash/framework/web/CWebApplication.php(141): CWebApplication->runController('images/avatars/...')
#1 /Volumes/HDD/dev/sedash/framework/base/CApplication.php(169): CWebApplication->processRequest()
#2 /Volumes/HDD/dev/sedash/web/index.php(13): CApplication->run()
#3 {main}
REQUEST_URI=/images/avatars/avatar1.jpg
HTTP_REFERER=http://localhost:8888/gii
---
2013/09/14 09:23:11 [error] [exception.CException] exception 'CException' with message 'The asset "/Volumes/HDD/dev/sedash/framework/gii/assets" to be published does not exist.' in /Volumes/HDD/dev/sedash/framework/web/CAssetManager.php:257
Stack trace:
#0 /Volumes/HDD/dev/sedash/framework/gii/GiiModule.php(142): CAssetManager->publish('/Volumes/HDD/de...')
#1 /Volumes/HDD/dev/sedash/framework/base/CComponent.php(111): GiiModule->getAssetsUrl()
#2 /Volumes/HDD/dev/sedash/framework/base/CModule.php(105): CComponent->__get('assetsUrl')
#3 /Volumes/HDD/dev/sedash/framework/gii/views/layouts/main.php(5): CModule->__get('assetsUrl')
#4 /Volumes/HDD/dev/sedash/framework/web/CBaseController.php(126): require('/Volumes/HDD/de...')
#5 /Volumes/HDD/dev/sedash/framework/web/CBaseController.php(95): CBaseController->renderInternal('/Volumes/HDD/de...', Array, true)
#6 /Volumes/HDD/dev/sedash/framework/web/widgets/CContentDecorator.php(76): CBaseController->renderFile('/Volumes/HDD/de...', Array, true)
#7 /Volumes/HDD/dev/sedash/framework/web/widgets/CContentDecorator.php(54): CContentDecorator->decorate('<div class="con...')
#8 /Volumes/HDD/dev/sedash/framework/web/widgets/COutputProcessor.php(44): CContentDecorator->processOutput('<div class="con...')
#9 /Volumes/HDD/dev/sedash/framework/web/CBaseController.php(206): COutputProcessor->run()
#10 /Volumes/HDD/dev/sedash/framework/web/CBaseController.php(300): CBaseController->endWidget('CContentDecorat...')
#11 /Volumes/HDD/dev/sedash/framework/gii/views/layouts/column1.php(7): CBaseController->endContent()
#12 /Volumes/HDD/dev/sedash/framework/web/CBaseController.php(126): require('/Volumes/HDD/de...')
#13 /Volumes/HDD/dev/sedash/framework/web/CBaseController.php(95): CBaseController->renderInternal('/Volumes/HDD/de...', Array, true)
#14 /Volumes/HDD/dev/sedash/framework/web/CController.php(784): CBaseController->renderFile('/Volumes/HDD/de...', Array, true)
#15 /Volumes/HDD/dev/sedash/framework/gii/controllers/DefaultController.php(47): CController->render('login', Array)
#16 /Volumes/HDD/dev/sedash/framework/web/actions/CInlineAction.php(49): DefaultController->actionLogin()
#17 /Volumes/HDD/dev/sedash/framework/web/CController.php(308): CInlineAction->runWithParams(Array)
#18 /Volumes/HDD/dev/sedash/framework/web/CController.php(286): CController->runAction(Object(CInlineAction))
#19 /Volumes/HDD/dev/sedash/framework/web/CController.php(265): CController->runActionWithFilters(Object(CInlineAction), Array)
#20 /Volumes/HDD/dev/sedash/framework/web/CWebApplication.php(282): CController->run('login')
#21 /Volumes/HDD/dev/sedash/framework/web/CWebApplication.php(141): CWebApplication->runController('gii/default/log...')
#22 /Volumes/HDD/dev/sedash/framework/base/CApplication.php(169): CWebApplication->processRequest()
#23 /Volumes/HDD/dev/sedash/web/index.php(13): CApplication->run()
#24 {main}
REQUEST_URI=/gii/default/login
---
2013/09/14 09:25:36 [error] [exception.CHttpException.404] exception 'CHttpException' with message 'Unable to resolve the request "images/avatars/avatar1.jpg".' in /Volumes/HDD/dev/sedash/framework/web/CWebApplication.php:286
Stack trace:
#0 /Volumes/HDD/dev/sedash/framework/web/CWebApplication.php(141): CWebApplication->runController('images/avatars/...')
#1 /Volumes/HDD/dev/sedash/framework/base/CApplication.php(169): CWebApplication->processRequest()
#2 /Volumes/HDD/dev/sedash/web/index.php(13): CApplication->run()
#3 {main}
REQUEST_URI=/images/avatars/avatar1.jpg
HTTP_REFERER=http://localhost:8888/
---
2013/09/14 09:25:36 [error] [exception.CHttpException.404] exception 'CHttpException' with message 'Unable to resolve the request "images/bg.png".' in /Volumes/HDD/dev/sedash/framework/web/CWebApplication.php:286
Stack trace:
#0 /Volumes/HDD/dev/sedash/framework/web/CWebApplication.php(141): CWebApplication->runController('images/bg.png')
#1 /Volumes/HDD/dev/sedash/framework/base/CApplication.php(169): CWebApplication->processRequest()
#2 /Volumes/HDD/dev/sedash/web/index.php(13): CApplication->run()
#3 {main}
REQUEST_URI=/images/bg.png
HTTP_REFERER=http://localhost:8888/
---
2013/09/14 09:25:36 [error] [exception.CHttpException.404] exception 'CHttpException' with message 'Unable to resolve the request "images/avatars/avatar3.jpg".' in /Volumes/HDD/dev/sedash/framework/web/CWebApplication.php:286
Stack trace:
#0 /Volumes/HDD/dev/sedash/framework/web/CWebApplication.php(141): CWebApplication->runController('images/avatars/...')
#1 /Volumes/HDD/dev/sedash/framework/base/CApplication.php(169): CWebApplication->processRequest()
#2 /Volumes/HDD/dev/sedash/web/index.php(13): CApplication->run()
#3 {main}
REQUEST_URI=/images/avatars/avatar3.jpg
HTTP_REFERER=http://localhost:8888/
---
2013/09/14 09:25:36 [error] [exception.CHttpException.404] exception 'CHttpException' with message 'Unable to resolve the request "images/avatars/avatar2.jpg".' in /Volumes/HDD/dev/sedash/framework/web/CWebApplication.php:286
Stack trace:
#0 /Volumes/HDD/dev/sedash/framework/web/CWebApplication.php(141): CWebApplication->runController('images/avatars/...')
#1 /Volumes/HDD/dev/sedash/framework/base/CApplication.php(169): CWebApplication->processRequest()
#2 /Volumes/HDD/dev/sedash/web/index.php(13): CApplication->run()
#3 {main}
REQUEST_URI=/images/avatars/avatar2.jpg
HTTP_REFERER=http://localhost:8888/
---
2013/09/14 09:25:53 [error] [exception.CHttpException.404] exception 'CHttpException' with message 'Unable to resolve the request "booger".' in /Volumes/HDD/dev/sedash/framework/web/CWebApplication.php:286
Stack trace:
#0 /Volumes/HDD/dev/sedash/framework/web/CWebApplication.php(141): CWebApplication->runController('booger')
#1 /Volumes/HDD/dev/sedash/framework/base/CApplication.php(169): CWebApplication->processRequest()
#2 /Volumes/HDD/dev/sedash/web/index.php(13): CApplication->run()
#3 {main}
REQUEST_URI=/booger
---
2013/09/14 09:25:53 [error] [exception.CHttpException.404] exception 'CHttpException' with message 'Unable to resolve the request "images/avatars/avatar1.jpg".' in /Volumes/HDD/dev/sedash/framework/web/CWebApplication.php:286
Stack trace:
#0 /Volumes/HDD/dev/sedash/framework/web/CWebApplication.php(141): CWebApplication->runController('images/avatars/...')
#1 /Volumes/HDD/dev/sedash/framework/base/CApplication.php(169): CWebApplication->processRequest()
#2 /Volumes/HDD/dev/sedash/web/index.php(13): CApplication->run()
#3 {main}
REQUEST_URI=/images/avatars/avatar1.jpg
HTTP_REFERER=http://localhost:8888/booger
---
2013/09/14 09:26:33 [error] [exception.CHttpException.404] exception 'CHttpException' with message 'Unable to resolve the request "images/avatars/avatar1.jpg".' in /Volumes/HDD/dev/sedash/framework/web/CWebApplication.php:286
Stack trace:
#0 /Volumes/HDD/dev/sedash/framework/web/CWebApplication.php(141): CWebApplication->runController('images/avatars/...')
#1 /Volumes/HDD/dev/sedash/framework/base/CApplication.php(169): CWebApplication->processRequest()
#2 /Volumes/HDD/dev/sedash/web/index.php(13): CApplication->run()
#3 {main}
REQUEST_URI=/images/avatars/avatar1.jpg
HTTP_REFERER=http://localhost:8888/
---
2013/09/14 09:26:33 [error] [exception.CHttpException.404] exception 'CHttpException' with message 'Unable to resolve the request "images/avatars/avatar2.jpg".' in /Volumes/HDD/dev/sedash/framework/web/CWebApplication.php:286
Stack trace:
#0 /Volumes/HDD/dev/sedash/framework/web/CWebApplication.php(141): CWebApplication->runController('images/avatars/...')
#1 /Volumes/HDD/dev/sedash/framework/base/CApplication.php(169): CWebApplication->processRequest()
#2 /Volumes/HDD/dev/sedash/web/index.php(13): CApplication->run()
#3 {main}
REQUEST_URI=/images/avatars/avatar2.jpg
HTTP_REFERER=http://localhost:8888/
---
2013/09/14 09:26:33 [error] [exception.CHttpException.404] exception 'CHttpException' with message 'Unable to resolve the request "images/avatars/avatar3.jpg".' in /Volumes/HDD/dev/sedash/framework/web/CWebApplication.php:286
Stack trace:
#0 /Volumes/HDD/dev/sedash/framework/web/CWebApplication.php(141): CWebApplication->runController('images/avatars/...')
#1 /Volumes/HDD/dev/sedash/framework/base/CApplication.php(169): CWebApplication->processRequest()
#2 /Volumes/HDD/dev/sedash/web/index.php(13): CApplication->run()
#3 {main}
REQUEST_URI=/images/avatars/avatar3.jpg
HTTP_REFERER=http://localhost:8888/
---
2013/09/14 09:26:52 [error] [exception.CHttpException.404] exception 'CHttpException' with message 'Unable to resolve the request "booger".' in /Volumes/HDD/dev/sedash/framework/web/CWebApplication.php:286
Stack trace:
#0 /Volumes/HDD/dev/sedash/framework/web/CWebApplication.php(141): CWebApplication->runController('booger')
#1 /Volumes/HDD/dev/sedash/framework/base/CApplication.php(169): CWebApplication->processRequest()
#2 /Volumes/HDD/dev/sedash/web/index.php(13): CApplication->run()
#3 {main}
REQUEST_URI=/booger
---
2013/09/14 09:26:52 [error] [exception.CHttpException.404] exception 'CHttpException' with message 'Unable to resolve the request "images/bg.png".' in /Volumes/HDD/dev/sedash/framework/web/CWebApplication.php:286
Stack trace:
#0 /Volumes/HDD/dev/sedash/framework/web/CWebApplication.php(141): CWebApplication->runController('images/bg.png')
#1 /Volumes/HDD/dev/sedash/framework/base/CApplication.php(169): CWebApplication->processRequest()
#2 /Volumes/HDD/dev/sedash/web/index.php(13): CApplication->run()
#3 {main}
REQUEST_URI=/images/bg.png
HTTP_REFERER=http://localhost:8888/booger
---
2013/09/14 09:26:52 [error] [exception.CHttpException.404] exception 'CHttpException' with message 'Unable to resolve the request "images/avatars/avatar1.jpg".' in /Volumes/HDD/dev/sedash/framework/web/CWebApplication.php:286
Stack trace:
#0 /Volumes/HDD/dev/sedash/framework/web/CWebApplication.php(141): CWebApplication->runController('images/avatars/...')
#1 /Volumes/HDD/dev/sedash/framework/base/CApplication.php(169): CWebApplication->processRequest()
#2 /Volumes/HDD/dev/sedash/web/index.php(13): CApplication->run()
#3 {main}
REQUEST_URI=/images/avatars/avatar1.jpg
HTTP_REFERER=http://localhost:8888/booger
---
2013/09/14 09:27:11 [error] [exception.CHttpException.404] exception 'CHttpException' with message 'Unable to resolve the request "images/avatars/avatar1.jpg".' in /Volumes/HDD/dev/sedash/framework/web/CWebApplication.php:286
Stack trace:
#0 /Volumes/HDD/dev/sedash/framework/web/CWebApplication.php(141): CWebApplication->runController('images/avatars/...')
#1 /Volumes/HDD/dev/sedash/framework/base/CApplication.php(169): CWebApplication->processRequest()
#2 /Volumes/HDD/dev/sedash/web/index.php(13): CApplication->run()
#3 {main}
REQUEST_URI=/images/avatars/avatar1.jpg
HTTP_REFERER=http://localhost:8888/
---
2013/09/14 09:27:11 [error] [exception.CHttpException.404] exception 'CHttpException' with message 'Unable to resolve the request "images/bg.png".' in /Volumes/HDD/dev/sedash/framework/web/CWebApplication.php:286
Stack trace:
#0 /Volumes/HDD/dev/sedash/framework/web/CWebApplication.php(141): CWebApplication->runController('images/bg.png')
#1 /Volumes/HDD/dev/sedash/framework/base/CApplication.php(169): CWebApplication->processRequest()
#2 /Volumes/HDD/dev/sedash/web/index.php(13): CApplication->run()
#3 {main}
REQUEST_URI=/images/bg.png
HTTP_REFERER=http://localhost:8888/
---
2013/09/14 09:27:11 [error] [exception.CHttpException.404] exception 'CHttpException' with message 'Unable to resolve the request "images/avatars/avatar2.jpg".' in /Volumes/HDD/dev/sedash/framework/web/CWebApplication.php:286
Stack trace:
#0 /Volumes/HDD/dev/sedash/framework/web/CWebApplication.php(141): CWebApplication->runController('images/avatars/...')
#1 /Volumes/HDD/dev/sedash/framework/base/CApplication.php(169): CWebApplication->processRequest()
#2 /Volumes/HDD/dev/sedash/web/index.php(13): CApplication->run()
#3 {main}
REQUEST_URI=/images/avatars/avatar2.jpg
HTTP_REFERER=http://localhost:8888/
---
2013/09/14 09:27:11 [error] [exception.CHttpException.404] exception 'CHttpException' with message 'Unable to resolve the request "images/avatars/avatar3.jpg".' in /Volumes/HDD/dev/sedash/framework/web/CWebApplication.php:286
Stack trace:
#0 /Volumes/HDD/dev/sedash/framework/web/CWebApplication.php(141): CWebApplication->runController('images/avatars/...')
#1 /Volumes/HDD/dev/sedash/framework/base/CApplication.php(169): CWebApplication->processRequest()
#2 /Volumes/HDD/dev/sedash/web/index.php(13): CApplication->run()
#3 {main}
REQUEST_URI=/images/avatars/avatar3.jpg
HTTP_REFERER=http://localhost:8888/
---
2013/09/14 10:58:17 [error] [exception.CHttpException.404] exception 'CHttpException' with message 'Unable to resolve the request "ui_lab/buttons.html".' in /Volumes/HDD/dev/sedash/framework/web/CWebApplication.php:286
Stack trace:
#0 /Volumes/HDD/dev/sedash/framework/web/CWebApplication.php(141): CWebApplication->runController('ui_lab/buttons....')
#1 /Volumes/HDD/dev/sedash/framework/base/CApplication.php(169): CWebApplication->processRequest()
#2 /Volumes/HDD/dev/sedash/web/index.php(13): CApplication->run()
#3 {main}
REQUEST_URI=/ui_lab/buttons.html
HTTP_REFERER=http://localhost:8888/
---
2013/09/21 13:16:25 [error] [exception.CHttpException.404] exception 'CHttpException' with message 'Unable to resolve the request "project/create".' in /Volumes/HDD/dev/sedash/framework/web/CWebApplication.php:286
Stack trace:
#0 /Volumes/HDD/dev/sedash/framework/web/CWebApplication.php(141): CWebApplication->runController('project/create')
#1 /Volumes/HDD/dev/sedash/framework/base/CApplication.php(169): CWebApplication->processRequest()
#2 /Volumes/HDD/dev/sedash/web/index.php(13): CApplication->run()
#3 {main}
REQUEST_URI=/project/create
---
2013/09/21 13:16:39 [error] [exception.CHttpException.404] exception 'CHttpException' with message 'Unable to resolve the request "images/groups.png".' in /Volumes/HDD/dev/sedash/framework/web/CWebApplication.php:286
Stack trace:
#0 /Volumes/HDD/dev/sedash/framework/web/CWebApplication.php(141): CWebApplication->runController('images/groups.p...')
#1 /Volumes/HDD/dev/sedash/framework/base/CApplication.php(169): CWebApplication->processRequest()
#2 /Volumes/HDD/dev/sedash/web/index.php(13): CApplication->run()
#3 {main}
REQUEST_URI=/images/groups.png
HTTP_REFERER=http://localhost:8888/project/create
---
2013/09/21 13:19:54 [error] [exception.CHttpException.404] exception 'CHttpException' with message 'Unable to resolve the request "images/groups.png".' in /Volumes/HDD/dev/sedash/framework/web/CWebApplication.php:286
Stack trace:
#0 /Volumes/HDD/dev/sedash/framework/web/CWebApplication.php(141): CWebApplication->runController('images/groups.p...')
#1 /Volumes/HDD/dev/sedash/framework/base/CApplication.php(169): CWebApplication->processRequest()
#2 /Volumes/HDD/dev/sedash/web/index.php(13): CApplication->run()
#3 {main}
REQUEST_URI=/images/groups.png
HTTP_REFERER=http://localhost:8888/project/create
---
2013/09/21 13:23:49 [error] [exception.CHttpException.404] exception 'CHttpException' with message 'Unable to resolve the request "images/groups.png".' in /Volumes/HDD/dev/sedash/framework/web/CWebApplication.php:286
Stack trace:
#0 /Volumes/HDD/dev/sedash/framework/web/CWebApplication.php(141): CWebApplication->runController('images/groups.p...')
#1 /Volumes/HDD/dev/sedash/framework/base/CApplication.php(169): CWebApplication->processRequest()
#2 /Volumes/HDD/dev/sedash/web/index.php(13): CApplication->run()
#3 {main}
REQUEST_URI=/images/groups.png
HTTP_REFERER=http://localhost:8888/project/create
---
